Using pre-set license
Built from '2022.3/staging' branch; Version is '2022.3.14f1 (eff2de9070d8) revision 15725278'; Using compiler version '192829333'; Build Type 'Release'
OS: 'Windows 11  (10.0.22621) 64bit CoreSingleLanguage' Language: 'en' Physical Memory: 15789 MB
BatchMode: 1, IsHumanControllingUs: 0, StartBugReporterOnCrash: 0, Is64bit: 1, IsPro: 1

COMMAND LINE ARGUMENTS:
C:\Program Files\Unity\Hub\Editor\2022.3.14f1\Editor\Unity.exe
-adb2
-batchMode
-noUpm
-name
AssetImportWorker5
-projectPath
D:/Game/Unity Project/Zitga Test
-logFile
Logs/AssetImportWorker5.log
-srvPort
63344
Successfully changed project path to: D:/Game/Unity Project/Zitga Test
D:/Game/Unity Project/Zitga Test
[UnityMemory] Configuration Parameters - Can be set up in boot.config
    "memorysetup-bucket-allocator-granularity=16"
    "memorysetup-bucket-allocator-bucket-count=8"
    "memorysetup-bucket-allocator-block-size=33554432"
    "memorysetup-bucket-allocator-block-count=8"
    "memorysetup-main-allocator-block-size=16777216"
    "memorysetup-thread-allocator-block-size=16777216"
    "memorysetup-gfx-main-allocator-block-size=16777216"
    "memorysetup-gfx-thread-allocator-block-size=16777216"
    "memorysetup-cache-allocator-block-size=4194304"
    "memorysetup-typetree-allocator-block-size=2097152"
    "memorysetup-profiler-bucket-allocator-granularity=16"
    "memorysetup-profiler-bucket-allocator-bucket-count=8"
    "memorysetup-profiler-bucket-allocator-block-size=33554432"
    "memorysetup-profiler-bucket-allocator-block-count=8"
    "memorysetup-profiler-allocator-block-size=16777216"
    "memorysetup-profiler-editor-allocator-block-size=1048576"
    "memorysetup-temp-allocator-size-main=16777216"
    "memorysetup-job-temp-allocator-block-size=2097152"
    "memorysetup-job-temp-allocator-block-size-background=1048576"
    "memorysetup-job-temp-allocator-reduction-small-platforms=262144"
    "memorysetup-allocator-temp-initial-block-size-main=262144"
    "memorysetup-allocator-temp-initial-block-size-worker=262144"
    "memorysetup-temp-allocator-size-background-worker=32768"
    "memorysetup-temp-allocator-size-job-worker=262144"
    "memorysetup-temp-allocator-size-preload-manager=33554432"
    "memorysetup-temp-allocator-size-nav-mesh-worker=65536"
    "memorysetup-temp-allocator-size-audio-worker=65536"
    "memorysetup-temp-allocator-size-cloud-worker=32768"
    "memorysetup-temp-allocator-size-gi-baking-worker=262144"
    "memorysetup-temp-allocator-size-gfx=262144"
Player connection [37036] Host "[IP] 192.168.1.11 [Port] 0 [Flags] 2 [Guid] 1581947421 [EditorId] 1581947421 [Version] 1048832 [Id] WindowsEditor(7,DESKTOP-F3QS8I0) [Debug] 1 [PackageName] WindowsEditor [ProjectName] Editor" joined multi-casting on [225.0.0.222:54997]...

Player connection [37036] Host "[IP] 192.168.1.11 [Port] 0 [Flags] 2 [Guid] 1581947421 [EditorId] 1581947421 [Version] 1048832 [Id] WindowsEditor(7,DESKTOP-F3QS8I0) [Debug] 1 [PackageName] WindowsEditor [ProjectName] Editor" joined alternative multi-casting on [225.0.0.222:34997]...

[Physics::Module] Initialized MultithreadedJobDispatcher with 15 workers.
Refreshing native plugins compatible for Editor in 13.53 ms, found 4 plugins.
Preloading 0 native plugins for Editor in 0.00 ms.
Initialize engine version: 2022.3.14f1 (eff2de9070d8)
[Subsystems] Discovering subsystems at path C:/Program Files/Unity/Hub/Editor/2022.3.14f1/Editor/Data/Resources/UnitySubsystems
[Subsystems] Discovering subsystems at path D:/Game/Unity Project/Zitga Test/Assets
GfxDevice: creating device client; threaded=0; jobified=0
Direct3D:
    Version:  Direct3D 11.0 [level 11.1]
    Renderer: NVIDIA GeForce GTX 1660 Ti (ID=0x2191)
    Vendor:   NVIDIA
    VRAM:     5979 MB
    Driver:   31.0.15.3713
Initialize mono
Mono path[0] = 'C:/Program Files/Unity/Hub/Editor/2022.3.14f1/Editor/Data/Managed'
Mono path[1] = 'C:/Program Files/Unity/Hub/Editor/2022.3.14f1/Editor/Data/MonoBleedingEdge/lib/mono/unityjit-win32'
Mono config path = 'C:/Program Files/Unity/Hub/Editor/2022.3.14f1/Editor/Data/MonoBleedingEdge/etc'
Using monoOptions --debugger-agent=transport=dt_socket,embedding=1,server=y,suspend=n,address=127.0.0.1:56904
Begin MonoManager ReloadAssembly
Registering precompiled unity dll's ...
Register platform support module: C:/Program Files/Unity/Hub/Editor/2022.3.14f1/Editor/Data/PlaybackEngines/AndroidPlayer/UnityEditor.Android.Extensions.dll
Register platform support module: C:/Program Files/Unity/Hub/Editor/2022.3.14f1/Editor/Data/PlaybackEngines/WindowsStandaloneSupport/UnityEditor.WindowsStandalone.Extensions.dll
Registered in 0.008755 seconds.
- Loaded All Assemblies, in  0.590 seconds
Native extension for WindowsStandalone target not found
Native extension for Android target not found
Android Extension - Scanning For ADB Devices 496 ms
Mono: successfully reloaded assembly
- Finished resetting the current domain, in  1.072 seconds
Domain Reload Profiling: 1660ms
	BeginReloadAssembly (191ms)
		ExecutionOrderSort (0ms)
		DisableScriptedObjects (0ms)
		BackupInstance (0ms)
		ReleaseScriptingObjects (0ms)
		CreateAndSetChildDomain (1ms)
	RebuildCommonClasses (51ms)
	RebuildNativeTypeToScriptingClass (18ms)
	initialDomainReloadingComplete (89ms)
	LoadAllAssembliesAndSetupDomain (239ms)
		LoadAssemblies (189ms)
		RebuildTransferFunctionScriptingTraits (0ms)
		AnalyzeDomain (236ms)
			TypeCache.Refresh (234ms)
				TypeCache.ScanAssembly (215ms)
			ScanForSourceGeneratedMonoScriptInfo (1ms)
			ResolveRequiredComponents (1ms)
	FinalizeReload (1073ms)
		ReleaseScriptCaches (0ms)
		RebuildScriptCaches (0ms)
		SetupLoadedEditorAssemblies (972ms)
			LogAssemblyErrors (0ms)
			InitializePlatformSupportModulesInManaged (703ms)
			SetLoadedEditorAssemblies (8ms)
			RefreshPlugins (0ms)
			BeforeProcessingInitializeOnLoad (4ms)
			ProcessInitializeOnLoadAttributes (174ms)
			ProcessInitializeOnLoadMethodAttributes (84ms)
			AfterProcessingInitializeOnLoad (0ms)
			EditorAssembliesLoaded (0ms)
		ExecutionOrderSort2 (0ms)
		AwakeInstancesAfterBackupRestoration (0ms)
========================================================================
Worker process is ready to serve import requests
Begin MonoManager ReloadAssembly
- Loaded All Assemblies, in  2.031 seconds
Refreshing native plugins compatible for Editor in 9.04 ms, found 4 plugins.
Native extension for WindowsStandalone target not found
Native extension for Android target not found
Package Manager log level set to [2]
[Package Manager] Server::EnsureServerProcessIsRunning -- launch failed, reason: Unity was launched with the -noUpm command-line argument
[Package Manager] UpmClient::Send -- Unable to send message (not connected to UPM process).
[Package Manager] Cannot connect to Unity Package Manager local server
Mono: successfully reloaded assembly
- Finished resetting the current domain, in  1.378 seconds
Domain Reload Profiling: 3408ms
	BeginReloadAssembly (286ms)
		ExecutionOrderSort (0ms)
		DisableScriptedObjects (8ms)
		BackupInstance (0ms)
		ReleaseScriptingObjects (0ms)
		CreateAndSetChildDomain (41ms)
	RebuildCommonClasses (65ms)
	RebuildNativeTypeToScriptingClass (16ms)
	initialDomainReloadingComplete (69ms)
	LoadAllAssembliesAndSetupDomain (1592ms)
		LoadAssemblies (1285ms)
		RebuildTransferFunctionScriptingTraits (0ms)
		AnalyzeDomain (491ms)
			TypeCache.Refresh (391ms)
				TypeCache.ScanAssembly (339ms)
			ScanForSourceGeneratedMonoScriptInfo (77ms)
			ResolveRequiredComponents (20ms)
	FinalizeReload (1379ms)
		ReleaseScriptCaches (0ms)
		RebuildScriptCaches (0ms)
		SetupLoadedEditorAssemblies (946ms)
			LogAssemblyErrors (0ms)
			InitializePlatformSupportModulesInManaged (64ms)
			SetLoadedEditorAssemblies (7ms)
			RefreshPlugins (0ms)
			BeforeProcessingInitializeOnLoad (152ms)
			ProcessInitializeOnLoadAttributes (626ms)
			ProcessInitializeOnLoadMethodAttributes (90ms)
			AfterProcessingInitializeOnLoad (7ms)
			EditorAssembliesLoaded (0ms)
		ExecutionOrderSort2 (0ms)
		AwakeInstancesAfterBackupRestoration (11ms)
Launched and connected shader compiler UnityShaderCompiler.exe after 0.15 seconds
Refreshing native plugins compatible for Editor in 5.90 ms, found 4 plugins.
Preloading 0 native plugins for Editor in 0.00 ms.
Unloading 4274 Unused Serialized files (Serialized files now loaded: 0)
Unloading 68 unused Assets / (61.8 KB). Loaded Objects now: 4743.
Memory consumption went from 163.7 MB to 163.7 MB.
Total: 8.872400 ms (FindLiveObjects: 0.555100 ms CreateObjectMapping: 0.319100 ms MarkObjects: 7.602500 ms  DeleteObjects: 0.393600 ms)

AssetImportParameters requested are different than current active one (requested -> active):
  custom:scripting/monoscript/fileName/VerticalUnlimitedScroller.cs: f0961289aaeaf0b33892608bbff9ba88 -> 
  custom:scripting/monoscript/fileName/ScrollerTest.cs: 8d5c750d85d539dee5f49073263bbf2f -> 
  custom:container-demuxer-ogg: 62fdf1f143b41e24485cea50d1cbac27 -> 
  custom:scripting/monoscript/fileName/Popup.cs: cf4ce6b177f0ba994c50d8e2d62749d1 -> 
  custom:video-decoder-ogg-theora: a1e56fd34408186e4bbccfd4996cb3dc -> 
  custom:framework-win-MediaFoundation: 216162199b28c13a410421893ffa2e32 -> 
  custom:scripting/monoscript/fileName/GridUnlimitedScrollerEditor.cs: aff8a90ba088d187fe7ce6aa0119a59a -> 
  custom:scripting/monoscript/fileName/IUnlimitedScroller.cs: 597cab9cd0ab5ceaf47ea2439a0fc439 -> 
  custom:scripting/monoscript/fileName/RegularCell.cs: f10b53600095e7305290b02065eb08a1 -> 
  custom:CustomObjectIndexerAttribute: 756ad292c208cfabdd7b50bc23989ffe -> 
  custom:container-demuxer-webm: 4f35f7cbe854078d1ac9338744f61a02 -> 
  custom:scripting/monoscript/fileName/UnlimitedScroller.cs: 5cce2c765ca0a3c84a836da9eff9d44e -> 
  custom:scripting/monoscript/fileName/CellTest.cs: 23f4a5676db89915b44d4acbb8c4a1ee -> 
  custom:scripting/monoscript/fileName/HorizontalUnlimitedScroller.cs: f4b904adf3cc140bf1cb56fd1f18eac3 -> 
  custom:container-muxer-webm: aa71ff27fc2769a1b78a27578f13a17b -> 
  custom:video-decoder-webm-vp8: 9c59270c3fd7afecdb556c50c9e8de78 -> 
  custom:SearchIndexIgnoredProperties: e643bd26f0fe6173181afceb89e7c659 -> 
  custom:AudioImporter_EditorPlatform: d09bf68614088b80899f8185d706f6e7 -> 
  custom:scripting/monoscript/fileName/ZigzagArrangement.cs: a9fb9e01a9dfecd56531bc9f68325cd2 -> 
  custom:scripting/monoscript/fileName/ICell.cs: 0762f83dbd5756d17249d98f2fc7c74c -> 
  custom:scripting/monoscript/fileName/VerticalUnlimitedScrollerEditor.cs: 28c24574f19dabc48835a8d072813d1a -> 
  custom:scripting/monoscript/fileName/InfoDisplay.cs: 726d447a7301f86ff82391244d203002 -> 
  custom:scripting/monoscript/fileName/HorizontalUnlimitedScrollerEditor.cs: e2cc40bbcc9bb4925a1d514408812554 -> 
  custom:video-encoder-webm-vp8: eb34c28f22e8b96e1ab97ce403110664 -> 
  custom:audio-decoder-ogg-vorbis: bf7c407c2cedff20999df2af8eb42d56 -> 
  custom:scripting/monoscript/fileName/GridUnlimitedScroller.cs: 850c12d8b8acaeca2711d12e2b34307e -> 
  custom:audio-encoder-webm-vorbis: bf7c407c2cedff20999df2af8eb42d56 -> 
  custom:scripting/monoscript/fileName/LRUCache.cs: 0cdf409b5aa8d4c25876d72b5c6a3b60 -> 
========================================================================
Received Import Request.
  Time since last request: 158380.108751 seconds.
  path: Assets/Unity-Infinite-Scroll-main/Packages
  artifactKey: Guid(aba0bf3101d91dd4c86c5e3ec7f88616) Importer(815301076,1909f56bfc062723c751e8b465ee728b)
Start importing Assets/Unity-Infinite-Scroll-main/Packages using Guid(aba0bf3101d91dd4c86c5e3ec7f88616) Importer(815301076,1909f56bfc062723c751e8b465ee728b)  -> (artifact id: '111f38879742000a8cb4d6b548359ab0') in 0.005112 seconds
Number of updated asset objects reloaded before import = 0
Number of asset objects unloaded after import = 0
========================================================================
Received Import Request.
  Time since last request: 0.000137 seconds.
  path: Assets/Unity-Infinite-Scroll-main/ProjectSettings/Physics2DSettings.asset
  artifactKey: Guid(e05713454bbfe2f438907e4ca6e12a6d) Importer(815301076,1909f56bfc062723c751e8b465ee728b)
Start importing Assets/Unity-Infinite-Scroll-main/ProjectSettings/Physics2DSettings.asset using Guid(e05713454bbfe2f438907e4ca6e12a6d) Importer(815301076,1909f56bfc062723c751e8b465ee728b)  -> (artifact id: 'b96ce7b9ce9ae0ed808c897e6e9c877d') in 0.002270 seconds
Number of updated asset objects reloaded before import = 0
Number of asset objects unloaded after import = 0
========================================================================
Received Import Request.
  Time since last request: 0.000045 seconds.
  path: Assets/Unity-Infinite-Scroll-main/ProjectSettings/DynamicsManager.asset
  artifactKey: Guid(a6c80c51497acc244bbec47336004780) Importer(815301076,1909f56bfc062723c751e8b465ee728b)
Start importing Assets/Unity-Infinite-Scroll-main/ProjectSettings/DynamicsManager.asset using Guid(a6c80c51497acc244bbec47336004780) Importer(815301076,1909f56bfc062723c751e8b465ee728b)  -> (artifact id: '61bc518ff4cafa8432c1ed7e6f47cb28') in 0.001623 seconds
Number of updated asset objects reloaded before import = 0
Number of asset objects unloaded after import = 0
========================================================================
Received Import Request.
  Time since last request: 0.000040 seconds.
  path: Assets/Unity-Infinite-Scroll-main/ProjectSettings/ProjectSettings.asset
  artifactKey: Guid(109b1557f4c9ed441bace099a49571e0) Importer(815301076,1909f56bfc062723c751e8b465ee728b)
Start importing Assets/Unity-Infinite-Scroll-main/ProjectSettings/ProjectSettings.asset using Guid(109b1557f4c9ed441bace099a49571e0) Importer(815301076,1909f56bfc062723c751e8b465ee728b)  -> (artifact id: '4802ca25e7053fec1d46be82891ea3d4') in 0.002416 seconds
Number of updated asset objects reloaded before import = 0
Number of asset objects unloaded after import = 0
========================================================================
Received Import Request.
  Time since last request: 0.000305 seconds.
  path: Assets/Unity-Infinite-Scroll-main/ProjectSettings/VFXManager.asset
  artifactKey: Guid(4107917509503c649a7909aeebf94138) Importer(815301076,1909f56bfc062723c751e8b465ee728b)
Start importing Assets/Unity-Infinite-Scroll-main/ProjectSettings/VFXManager.asset using Guid(4107917509503c649a7909aeebf94138) Importer(815301076,1909f56bfc062723c751e8b465ee728b)  -> (artifact id: '242cfa7d93d02a7037366e7d9b979363') in 0.001352 seconds
Number of updated asset objects reloaded before import = 0
Number of asset objects unloaded after import = 0
========================================================================
Received Import Request.
  Time since last request: 0.000030 seconds.
  path: Assets/Unity-Infinite-Scroll-main/ProjectSettings/EditorSettings.asset
  artifactKey: Guid(ba00169414c2c4b43b6307765e2f0194) Importer(815301076,1909f56bfc062723c751e8b465ee728b)
Start importing Assets/Unity-Infinite-Scroll-main/ProjectSettings/EditorSettings.asset using Guid(ba00169414c2c4b43b6307765e2f0194) Importer(815301076,1909f56bfc062723c751e8b465ee728b)  -> (artifact id: '3acb61241d91faa2ffc890c15d1bacb0') in 0.001556 seconds
Number of updated asset objects reloaded before import = 0
Number of asset objects unloaded after import = 0
Editor requested this worker to shutdown with reason: Scaling down because of idle timeout
TcpMessagingSession - receive error
AssetImportWorkerClient::OnTransportError - code=2 error=End of file
AssetImportWorker is now disconnected from the server
Process exiting
Exiting without the bug reporter. Application will terminate with return code 0